Deploy script started at Thu Apr 21 22:01:00 EEST 2016
Running /Users/darian/PredictionIO-0.9.6//bin/pio train --verbose -v engine.json -- --executor-memory 16G --driver-memory 8G --total-executor-cores 4
[INFO] [Console$] Using existing engine manifest JSON at /Users/darian/PredictionIO-0.9.6/templates/ANOMALY/manifest.json
[DEBUG] [ConnectionPool$] Registered connection pool : ConnectionPool(url:jdbc:postgresql://qdjjtnkv.db.elephantsql.com:5432/sfaupawb, user:sfaupawb) using factory : <default>
[DEBUG] [ConnectionPool$] Registered singleton connection pool : ConnectionPool(url:jdbc:postgresql://qdjjtnkv.db.elephantsql.com:5432/sfaupawb, user:sfaupawb)
Exception in thread "main" org.postgresql.util.PSQLException: FATAL: too many connections for role "sfaupawb"
	at org.postgresql.core.v3.ConnectionFactoryImpl.readStartupMessages(ConnectionFactoryImpl.java:691)
	at org.postgresql.core.v3.ConnectionFactoryImpl.openConnectionImpl(ConnectionFactoryImpl.java:207)
	at org.postgresql.core.ConnectionFactory.openConnection(ConnectionFactory.java:65)
	at org.postgresql.jdbc2.AbstractJdbc2Connection.<init>(AbstractJdbc2Connection.java:156)
	at org.postgresql.jdbc3.AbstractJdbc3Connection.<init>(AbstractJdbc3Connection.java:35)
	at org.postgresql.jdbc3g.AbstractJdbc3gConnection.<init>(AbstractJdbc3gConnection.java:22)
	at org.postgresql.jdbc4.AbstractJdbc4Connection.<init>(AbstractJdbc4Connection.java:47)
	at org.postgresql.jdbc4.Jdbc4Connection.<init>(Jdbc4Connection.java:30)
	at org.postgresql.Driver.makeConnection(Driver.java:414)
	at org.postgresql.Driver.connect(Driver.java:282)
	at java.sql.DriverManager.getConnection(DriverManager.java:664)
	at java.sql.DriverManager.getConnection(DriverManager.java:247)
	at org.apache.commons.dbcp2.DriverManagerConnectionFactory.createConnection(DriverManagerConnectionFactory.java:77)
	at org.apache.commons.dbcp2.PoolableConnectionFactory.makeObject(PoolableConnectionFactory.java:256)
	at org.apache.commons.pool2.impl.GenericObjectPool.create(GenericObjectPool.java:868)
	at org.apache.commons.pool2.impl.GenericObjectPool.borrowObject(GenericObjectPool.java:435)
	at org.apache.commons.pool2.impl.GenericObjectPool.borrowObject(GenericObjectPool.java:363)
	at org.apache.commons.dbcp2.PoolingDataSource.getConnection(PoolingDataSource.java:134)
	at scalikejdbc.Commons2ConnectionPool.borrow(Commons2ConnectionPool.scala:46)
	at scalikejdbc.DB$.autoCommit(DB.scala:214)
	at io.prediction.data.storage.jdbc.JDBCEngineManifests.<init>(JDBCEngineManifests.scala:29)
	at sun.reflect.NativeConstructorAccessorImpl.newInstance0(Native Method)
	at sun.reflect.NativeConstructorAccessorImpl.newInstance(NativeConstructorAccessorImpl.java:62)
	at sun.reflect.DelegatingConstructorAccessorImpl.newInstance(DelegatingConstructorAccessorImpl.java:45)
	at java.lang.reflect.Constructor.newInstance(Constructor.java:408)
	at io.prediction.data.storage.Storage$.getDataObject(Storage.scala:303)
	at io.prediction.data.storage.Storage$.getDataObjectFromRepo(Storage.scala:263)
	at io.prediction.data.storage.Storage$.getMetaDataEngineManifests(Storage.scala:361)
	at io.prediction.tools.console.Console$.withRegisteredManifest(Console.scala:1214)
	at io.prediction.tools.console.Console$.train(Console.scala:839)
	at io.prediction.tools.console.Console$$anonfun$main$1.apply(Console.scala:713)
	at io.prediction.tools.console.Console$$anonfun$main$1.apply(Console.scala:693)
	at scala.Option.map(Option.scala:145)
	at io.prediction.tools.console.Console$.main(Console.scala:693)
	at io.prediction.tools.console.Console.main(Console.scala)
Training ended with return value 1 at Thu Apr 21 22:01:02 EEST 2016
